<?xml version="1.0" encoding="UTF-8"?>
<!-- Generated by org.testng.reporters.JUnitReportReporter -->
<testsuite hostname="DESKTOP-NB17RKO" failures="0" tests="5" name="com.jala.qa.TestLayer.CreateEmployeeDeatils" time="185.013" errors="1" timestamp="2025-03-24T19:41:12 IST" skipped="0">
  <testcase classname="com.jala.qa.TestLayer.CreateEmployeeDeatils" name="validateEmplyeeDetails" time="40.393">
    <system-out>
      <![CDATA[ method execution started  validateEmplyeeDetails
TC passed, Title matched
test successfully executed]]>
    </system-out>
  </testcase> <!-- validateEmplyeeDetails -->
  <testcase classname="com.jala.qa.TestLayer.CreateEmployeeDeatils" name="validateEmplyeeDetails" time="18.365">
    <error message="Keys to send should be a not null CharSequence" type="java.lang.IllegalArgumentException">
      <![CDATA[java.lang.IllegalArgumentException: Keys to send should be a not null CharSequence
at org.openqa.selenium.remote.RemoteWebElement.sendKeys(RemoteWebElement.java:96)
at java.base/jdk.internal.reflect.DirectMethodHandleAccessor.invoke(DirectMethodHandleAccessor.java:103)
at java.base/java.lang.reflect.Method.invoke(Method.java:580)
at org.openqa.selenium.support.pagefactory.internal.LocatingElementHandler.invoke(LocatingElementHandler.java:51)
at jdk.proxy2/jdk.proxy2.$Proxy15.sendKeys(Unknown Source)
at com.jala.qa.POMLayer.CreateEmployeePage.enterFirstName(CreateEmployeePage.java:90)
at com.jala.qa.TestLayer.CreateEmployeeDeatils.validateEmplyeeDetails(CreateEmployeeDeatils.java:60)
at java.base/jdk.internal.reflect.DirectMethodHandleAccessor.invoke(DirectMethodHandleAccessor.java:103)
at java.base/java.lang.reflect.Method.invoke(Method.java:580)
at org.testng.internal.invokers.MethodInvocationHelper.invokeMethod(MethodInvocationHelper.java:141)
at org.testng.internal.invokers.TestInvoker.invokeMethod(TestInvoker.java:687)
at org.testng.internal.invokers.TestInvoker.invokeTestMethod(TestInvoker.java:230)
at org.testng.internal.invokers.MethodRunner.runInSequence(MethodRunner.java:63)
at org.testng.internal.invokers.TestInvoker$MethodInvocationAgent.invoke(TestInvoker.java:995)
at org.testng.internal.invokers.TestInvoker.invokeTestMethods(TestInvoker.java:203)
at org.testng.internal.invokers.TestMethodWorker.invokeTestMethods(TestMethodWorker.java:154)
at org.testng.internal.invokers.TestMethodWorker.run(TestMethodWorker.java:134)
at java.base/java.util.ArrayList.forEach(ArrayList.java:1597)
at org.testng.TestRunner.privateRun(TestRunner.java:741)
at org.testng.TestRunner.run(TestRunner.java:616)
at org.testng.SuiteRunner.runTest(SuiteRunner.java:421)
at org.testng.SuiteRunner.runSequentially(SuiteRunner.java:413)
at org.testng.SuiteRunner.privateRun(SuiteRunner.java:373)
at org.testng.SuiteRunner.run(SuiteRunner.java:312)
at org.testng.SuiteRunnerWorker.runSuite(SuiteRunnerWorker.java:52)
at org.testng.SuiteRunnerWorker.run(SuiteRunnerWorker.java:95)
at org.testng.TestNG.runSuitesSequentially(TestNG.java:1274)
at org.testng.TestNG.runSuitesLocally(TestNG.java:1208)
at org.testng.TestNG.runSuites(TestNG.java:1112)
at org.testng.TestNG.run(TestNG.java:1079)
at org.testng.remote.AbstractRemoteTestNG.run(AbstractRemoteTestNG.java:115)
at org.testng.remote.RemoteTestNG.initAndRun(RemoteTestNG.java:293)
at org.testng.remote.RemoteTestNG.main(RemoteTestNG.java:91)
]]>
    </error>
    <system-out>
      <![CDATA[ method execution started  validateEmplyeeDetails
test execution failed]]>
    </system-out>
  </testcase> <!-- validateEmplyeeDetails -->
  <testcase classname="com.jala.qa.TestLayer.CreateEmployeeDeatils" name="validateEmplyeeDetails" time="40.073">
    <system-out>
      <![CDATA[ method execution started  validateEmplyeeDetails
TC passed, Title matched
test successfully executed]]>
    </system-out>
  </testcase> <!-- validateEmplyeeDetails -->
  <testcase classname="com.jala.qa.TestLayer.CreateEmployeeDeatils" name="validateEmplyeeDetails" time="41.329">
    <system-out>
      <![CDATA[ method execution started  validateEmplyeeDetails
TC passed, Title matched
test successfully executed]]>
    </system-out>
  </testcase> <!-- validateEmplyeeDetails -->
  <testcase classname="com.jala.qa.TestLayer.CreateEmployeeDeatils" name="validateEmplyeeDetails" time="44.853">
    <system-out>
      <![CDATA[ method execution started  validateEmplyeeDetails
TC passed, Title matched
test successfully executed]]>
    </system-out>
  </testcase> <!-- validateEmplyeeDetails -->
  <system-out>
    <![CDATA[ class execution startedDefault test
 method execution started  validateEmplyeeDetails
test execution failed
 method execution started  validateEmplyeeDetails
TC passed, Title matched
test successfully executed
 method execution started  validateEmplyeeDetails
TC passed, Title matched
test successfully executed
 method execution started  validateEmplyeeDetails
TC passed, Title matched
test successfully executed
 method execution started  validateEmplyeeDetails
TC passed, Title matched
test successfully executed]]>
  </system-out>
</testsuite> <!-- com.jala.qa.TestLayer.CreateEmployeeDeatils -->
